# JRE version: OpenJDK Runtime Environment OpenLogic-OpenJDK (17.0.17+10) (build 17.0.17+10-adhoc..jdk17u)
# Java VM: OpenJDK 64-Bit Server VM OpenLogic-OpenJDK (17.0.17+10-adhoc..jdk17u, mixed mode, sharing, tiered, compressed oops, compressed class ptrs, g1 gc, windows-amd64)
GC Precious Log:
 CPUs: 12 total, 12 available
 Memory: 5996M
 Large Page Support: Disabled
 NUMA Support: Disabled
 Compressed Oops: Enabled (32-bit)
 Heap Region Size: 1M
 Heap Min Capacity: 8M
 Heap Initial Capacity: 94M
 Heap Max Capacity: 1500M
 Pre-touch: Disabled
 Parallel Workers: 10
 Concurrent Workers: 3
 Concurrent Refinement Workers: 10
 Periodic GC: Disabled
Heap:
 garbage-first heap   total 68608K, used 40551K [0x00000000a2400000, 0x0000000100000000)
  region size 1024K, 13 young (13312K), 3 survivors (3072K)
 Metaspace       used 44255K, committed 44480K, reserved 1114112K
  class space    used 5336K, committed 5440K, reserved 1048576K
GC Heap History (20 events):
Event: 19.055 GC heap before
{Heap before GC invocations=3 (full 0):
 garbage-first heap   total 96256K, used 22294K [0x00000000a2400000, 0x0000000100000000)
  region size 1024K, 13 young (13312K), 2 survivors (2048K)
 Metaspace       used 15942K, committed 16192K, reserved 1114112K
  class space    used 1734K, committed 1856K, reserved 1048576K
}
Event: 19.125 GC heap after
{Heap after GC invocations=4 (full 0):
 garbage-first heap   total 96256K, used 13293K [0x00000000a2400000, 0x0000000100000000)
  region size 1024K, 2 young (2048K), 2 survivors (2048K)
 Metaspace       used 15942K, committed 16192K, reserved 1114112K
  class space    used 1734K, committed 1856K, reserved 1048576K
}
Event: 22.657 GC heap before
{Heap before GC invocations=4 (full 0):
 garbage-first heap   total 96256K, used 28653K [0x00000000a2400000, 0x0000000100000000)
  region size 1024K, 18 young (18432K), 2 survivors (2048K)
 Metaspace       used 20931K, committed 21120K, reserved 1114112K
  class space    used 2776K, committed 2880K, reserved 1048576K
}
Event: 22.922 GC heap after
{Heap after GC invocations=5 (full 0):
 garbage-first heap   total 96256K, used 14336K [0x00000000a2400000, 0x0000000100000000)
  region size 1024K, 1 young (1024K), 1 survivors (1024K)
 Metaspace       used 20931K, committed 21120K, reserved 1114112K
  class space    used 2776K, committed 2880K, reserved 1048576K
}
Event: 23.205 GC heap before
{Heap before GC invocations=5 (full 0):
 garbage-first heap   total 96256K, used 15360K [0x00000000a2400000, 0x0000000100000000)
  region size 1024K, 3 young (3072K), 1 survivors (1024K)
 Metaspace       used 21372K, committed 21504K, reserved 1114112K
  class space    used 2815K, committed 2880K, reserved 1048576K
}
Event: 23.236 GC heap after
{Heap after GC invocations=6 (full 0):
 garbage-first heap   total 192512K, used 14583K [0x00000000a2400000, 0x0000000100000000)
  region size 1024K, 2 young (2048K), 2 survivors (2048K)
 Metaspace       used 21372K, committed 21504K, reserved 1114112K
  class space    used 2815K, committed 2880K, reserved 1048576K
}
Event: 25.103 GC heap before
{Heap before GC invocations=7 (full 0):
 garbage-first heap   total 55296K, used 28919K [0x00000000a2400000, 0x0000000100000000)
  region size 1024K, 16 young (16384K), 2 survivors (2048K)
 Metaspace       used 23462K, committed 23680K, reserved 1114112K
  class space    used 3054K, committed 3136K, reserved 1048576K
}
Event: 25.186 GC heap after
{Heap after GC invocations=8 (full 0):
 garbage-first heap   total 55296K, used 16379K [0x00000000a2400000, 0x0000000100000000)
  region size 1024K, 2 young (2048K), 2 survivors (2048K)
 Metaspace       used 23462K, committed 23680K, reserved 1114112K
  class space    used 3054K, committed 3136K, reserved 1048576K
}
Event: 27.162 GC heap before
{Heap before GC invocations=8 (full 0):
 garbage-first heap   total 55296K, used 30715K [0x00000000a2400000, 0x0000000100000000)
  region size 1024K, 17 young (17408K), 2 survivors (2048K)
 Metaspace       used 27106K, committed 27264K, reserved 1114112K
  class space    used 3395K, committed 3456K, reserved 1048576K
}
Event: 27.188 GC heap after
{Heap after GC invocations=9 (full 0):
 garbage-first heap   total 55296K, used 16954K [0x00000000a2400000, 0x0000000100000000)
  region size 1024K, 1 young (1024K), 1 survivors (1024K)
 Metaspace       used 27106K, committed 27264K, reserved 1114112K
  class space    used 3395K, committed 3456K, reserved 1048576K
}
Event: 31.219 GC heap before
{Heap before GC invocations=9 (full 0):
 garbage-first heap   total 55296K, used 38458K [0x00000000a2400000, 0x0000000100000000)
  region size 1024K, 23 young (23552K), 1 survivors (1024K)
 Metaspace       used 32536K, committed 32704K, reserved 1114112K
  class space    used 3951K, committed 4032K, reserved 1048576K
}
Event: 31.240 GC heap after
{Heap after GC invocations=10 (full 0):
 garbage-first heap   total 55296K, used 18814K [0x00000000a2400000, 0x0000000100000000)
  region size 1024K, 3 young (3072K), 3 survivors (3072K)
 Metaspace       used 32536K, committed 32704K, reserved 1114112K
  class space    used 3951K, committed 4032K, reserved 1048576K
}
Event: 37.341 GC heap before
{Heap before GC invocations=10 (full 0):
 garbage-first heap   total 55296K, used 34174K [0x00000000a2400000, 0x0000000100000000)
  region size 1024K, 19 young (19456K), 3 survivors (3072K)
 Metaspace       used 35749K, committed 35968K, reserved 1114112K
  class space    used 4302K, committed 4416K, reserved 1048576K
}
Event: 37.388 GC heap after
{Heap after GC invocations=11 (full 0):
 garbage-first heap   total 55296K, used 20396K [0x00000000a2400000, 0x0000000100000000)
  region size 1024K, 2 young (2048K), 2 survivors (2048K)
 Metaspace       used 35749K, committed 35968K, reserved 1114112K
  class space    used 4302K, committed 4416K, reserved 1048576K
}
Event: 44.819 GC heap before
{Heap before GC invocations=12 (full 0):
 garbage-first heap   total 55296K, used 39852K [0x00000000a2400000, 0x0000000100000000)
  region size 1024K, 21 young (21504K), 2 survivors (2048K)
 Metaspace       used 41556K, committed 41792K, reserved 1114112K
  class space    used 5065K, committed 5184K, reserved 1048576K
}
Event: 44.909 GC heap after
{Heap after GC invocations=13 (full 0):
 garbage-first heap   total 55296K, used 21471K [0x00000000a2400000, 0x0000000100000000)
  region size 1024K, 3 young (3072K), 3 survivors (3072K)
 Metaspace       used 41556K, committed 41792K, reserved 1114112K
  class space    used 5065K, committed 5184K, reserved 1048576K
}
Event: 47.948 GC heap before
{Heap before GC invocations=13 (full 0):
 garbage-first heap   total 55296K, used 40927K [0x00000000a2400000, 0x0000000100000000)
  region size 1024K, 22 young (22528K), 3 survivors (3072K)
 Metaspace       used 43204K, committed 43456K, reserved 1114112K
  class space    used 5172K, committed 5312K, reserved 1048576K
}
Event: 48.073 GC heap after
{Heap after GC invocations=14 (full 0):
 garbage-first heap   total 55296K, used 27028K [0x00000000a2400000, 0x0000000100000000)
  region size 1024K, 3 young (3072K), 3 survivors (3072K)
 Metaspace       used 43204K, committed 43456K, reserved 1114112K
  class space    used 5172K, committed 5312K, reserved 1048576K
}
Event: 48.168 GC heap before
{Heap before GC invocations=14 (full 0):
 garbage-first heap   total 55296K, used 41364K [0x00000000a2400000, 0x0000000100000000)
  region size 1024K, 17 young (17408K), 3 survivors (3072K)
 Metaspace       used 43255K, committed 43584K, reserved 1114112K
  class space    used 5172K, committed 5312K, reserved 1048576K
}
Event: 48.195 GC heap after
{Heap after GC invocations=15 (full 0):
 garbage-first heap   total 68608K, used 32359K [0x00000000a2400000, 0x0000000100000000)
  region size 1024K, 3 young (3072K), 3 survivors (3072K)
 Metaspace       used 43255K, committed 43584K, reserved 1114112K
  class space    used 5172K, committed 5312K, reserved 1048576K
}

