# JRE version: OpenJDK Runtime Environment OpenLogic-OpenJDK (17.0.17+10) (build 17.0.17+10-adhoc..jdk17u)
# Java VM: OpenJDK 64-Bit Server VM OpenLogic-OpenJDK (17.0.17+10-adhoc..jdk17u, mixed mode, sharing, tiered, compressed oops, compressed class ptrs, g1 gc, windows-amd64)
GC Precious Log:
 CPUs: 12 total, 12 available
 Memory: 5996M
 Large Page Support: Disabled
 NUMA Support: Disabled
 Compressed Oops: Enabled (32-bit)
 Heap Region Size: 1M
 Heap Min Capacity: 8M
 Heap Initial Capacity: 94M
 Heap Max Capacity: 1500M
 Pre-touch: Disabled
 Parallel Workers: 10
 Concurrent Workers: 3
 Concurrent Refinement Workers: 10
 Periodic GC: Disabled
Heap:
 garbage-first heap   total 130048K, used 44311K [0x00000000a2400000, 0x0000000100000000)
  region size 1024K, 10 young (10240K), 1 survivors (1024K)
 Metaspace       used 43562K, committed 43840K, reserved 1114112K
  class space    used 5149K, committed 5248K, reserved 1048576K
GC Heap History (20 events):
Event: 27.069 GC heap before
{Heap before GC invocations=5 (full 0):
 garbage-first heap   total 55296K, used 18580K [0x00000000a2400000, 0x0000000100000000)
  region size 1024K, 4 young (4096K), 3 survivors (3072K)
 Metaspace       used 26962K, committed 27136K, reserved 1114112K
  class space    used 3380K, committed 3456K, reserved 1048576K
}
Event: 27.079 GC heap after
{Heap after GC invocations=6 (full 0):
 garbage-first heap   total 55296K, used 18371K [0x00000000a2400000, 0x0000000100000000)
  region size 1024K, 1 young (1024K), 1 survivors (1024K)
 Metaspace       used 26962K, committed 27136K, reserved 1114112K
  class space    used 3380K, committed 3456K, reserved 1048576K
}
Event: 30.063 GC heap before
{Heap before GC invocations=6 (full 0):
 garbage-first heap   total 55296K, used 38851K [0x00000000a2400000, 0x0000000100000000)
  region size 1024K, 22 young (22528K), 1 survivors (1024K)
 Metaspace       used 30820K, committed 30976K, reserved 1114112K
  class space    used 3716K, committed 3776K, reserved 1048576K
}
Event: 30.108 GC heap after
{Heap after GC invocations=7 (full 0):
 garbage-first heap   total 55296K, used 21503K [0x00000000a2400000, 0x0000000100000000)
  region size 1024K, 3 young (3072K), 3 survivors (3072K)
 Metaspace       used 30820K, committed 30976K, reserved 1114112K
  class space    used 3716K, committed 3776K, reserved 1048576K
}
Event: 33.562 GC heap before
{Heap before GC invocations=7 (full 0):
 garbage-first heap   total 55296K, used 40959K [0x00000000a2400000, 0x0000000100000000)
  region size 1024K, 22 young (22528K), 3 survivors (3072K)
 Metaspace       used 31385K, committed 31616K, reserved 1114112K
  class space    used 3744K, committed 3840K, reserved 1048576K
}
Event: 33.618 GC heap after
{Heap after GC invocations=8 (full 0):
 garbage-first heap   total 55296K, used 26857K [0x00000000a2400000, 0x0000000100000000)
  region size 1024K, 3 young (3072K), 3 survivors (3072K)
 Metaspace       used 31385K, committed 31616K, reserved 1114112K
  class space    used 3744K, committed 3840K, reserved 1048576K
}
Event: 36.257 GC heap before
{Heap before GC invocations=8 (full 0):
 garbage-first heap   total 55296K, used 40169K [0x00000000a2400000, 0x0000000100000000)
  region size 1024K, 16 young (16384K), 3 survivors (3072K)
 Metaspace       used 31833K, committed 32064K, reserved 1114112K
  class space    used 3801K, committed 3904K, reserved 1048576K
}
Event: 36.423 GC heap after
{Heap after GC invocations=9 (full 0):
 garbage-first heap   total 94208K, used 30720K [0x00000000a2400000, 0x0000000100000000)
  region size 1024K, 2 young (2048K), 2 survivors (2048K)
 Metaspace       used 31833K, committed 32064K, reserved 1114112K
  class space    used 3801K, committed 3904K, reserved 1048576K
}
Event: 40.954 GC heap before
{Heap before GC invocations=9 (full 0):
 garbage-first heap   total 94208K, used 53248K [0x00000000a2400000, 0x0000000100000000)
  region size 1024K, 26 young (26624K), 2 survivors (2048K)
 Metaspace       used 35827K, committed 36096K, reserved 1114112K
  class space    used 4209K, committed 4352K, reserved 1048576K
}
Event: 41.414 GC heap after
{Heap after GC invocations=10 (full 0):
 garbage-first heap   total 94208K, used 33442K [0x00000000a2400000, 0x0000000100000000)
  region size 1024K, 5 young (5120K), 5 survivors (5120K)
 Metaspace       used 35827K, committed 36096K, reserved 1114112K
  class space    used 4209K, committed 4352K, reserved 1048576K
}
Event: 43.290 GC heap before
{Heap before GC invocations=11 (full 0):
 garbage-first heap   total 94208K, used 36514K [0x00000000a2400000, 0x0000000100000000)
  region size 1024K, 8 young (8192K), 5 survivors (5120K)
 Metaspace       used 36384K, committed 36672K, reserved 1114112K
  class space    used 4273K, committed 4416K, reserved 1048576K
}
Event: 44.245 GC heap after
{Heap after GC invocations=12 (full 0):
 garbage-first heap   total 94208K, used 33962K [0x00000000a2400000, 0x0000000100000000)
  region size 1024K, 1 young (1024K), 1 survivors (1024K)
 Metaspace       used 36384K, committed 36672K, reserved 1114112K
  class space    used 4273K, committed 4416K, reserved 1048576K
}
Event: 44.629 GC heap before
{Heap before GC invocations=13 (full 0):
 garbage-first heap   total 94208K, used 37034K [0x00000000a2400000, 0x0000000100000000)
  region size 1024K, 4 young (4096K), 1 survivors (1024K)
 Metaspace       used 36646K, committed 36928K, reserved 1114112K
  class space    used 4309K, committed 4480K, reserved 1048576K
}
Event: 44.633 GC heap after
{Heap after GC invocations=14 (full 0):
 garbage-first heap   total 94208K, used 33871K [0x00000000a2400000, 0x0000000100000000)
  region size 1024K, 1 young (1024K), 1 survivors (1024K)
 Metaspace       used 36646K, committed 36928K, reserved 1114112K
  class space    used 4309K, committed 4480K, reserved 1048576K
}
Event: 44.862 GC heap before
{Heap before GC invocations=14 (full 0):
 garbage-first heap   total 94208K, used 40015K [0x00000000a2400000, 0x0000000100000000)
  region size 1024K, 7 young (7168K), 1 survivors (1024K)
 Metaspace       used 37600K, committed 37888K, reserved 1114112K
  class space    used 4402K, committed 4544K, reserved 1048576K
}
Event: 44.871 GC heap after
{Heap after GC invocations=15 (full 0):
 garbage-first heap   total 94208K, used 34752K [0x00000000a2400000, 0x0000000100000000)
  region size 1024K, 1 young (1024K), 1 survivors (1024K)
 Metaspace       used 37600K, committed 37888K, reserved 1114112K
  class space    used 4402K, committed 4544K, reserved 1048576K
}
Event: 47.342 GC heap before
{Heap before GC invocations=15 (full 0):
 garbage-first heap   total 94208K, used 43968K [0x00000000a2400000, 0x0000000100000000)
  region size 1024K, 10 young (10240K), 1 survivors (1024K)
 Metaspace       used 38867K, committed 39104K, reserved 1114112K
  class space    used 4550K, committed 4672K, reserved 1048576K
}
Event: 47.390 GC heap after
{Heap after GC invocations=16 (full 0):
 garbage-first heap   total 130048K, used 36512K [0x00000000a2400000, 0x0000000100000000)
  region size 1024K, 2 young (2048K), 2 survivors (2048K)
 Metaspace       used 38867K, committed 39104K, reserved 1114112K
  class space    used 4550K, committed 4672K, reserved 1048576K
}
Event: 48.196 GC heap before
{Heap before GC invocations=16 (full 0):
 garbage-first heap   total 130048K, used 42656K [0x00000000a2400000, 0x0000000100000000)
  region size 1024K, 8 young (8192K), 2 survivors (2048K)
 Metaspace       used 40960K, committed 41216K, reserved 1114112K
  class space    used 4794K, committed 4928K, reserved 1048576K
}
Event: 48.213 GC heap after
{Heap after GC invocations=17 (full 0):
 garbage-first heap   total 130048K, used 37143K [0x00000000a2400000, 0x0000000100000000)
  region size 1024K, 1 young (1024K), 1 survivors (1024K)
 Metaspace       used 40960K, committed 41216K, reserved 1114112K
  class space    used 4794K, committed 4928K, reserved 1048576K
}

